<?xml version="1.0" encoding="UTF-8"?>
<!-- Generated by org.testng.reporters.JUnitXMLReporter -->
<testsuite ignored="0" hostname="Pragati" failures="0" tests="4" name="Default test" time="0.06" errors="0" timestamp="2025-03-06T10:53:41 IST">
  <testcase classname="Org.CreateOrgTest" name="createOrgTest" time="0.009"/>
  <testcase classname="Org.CreateOrgTest" name="createOrgWithDateTest" time="0.001"/>
  <testcase classname="Contact.CreateContactTest" name="createContactTest" time="0.001"/>
  <testcase classname="Contact.CreateContactTest" name="createContactWithOrgTest" time="0.001"/>
</testsuite> <!-- Default test -->
