<?xml version="1.0" encoding="UTF-8"?>
<!-- Generated by org.testng.reporters.JUnitXMLReporter -->
<testsuite ignored="2" hostname="Pragati" failures="0" tests="0" time="0.023" errors="0" timestamp="2025-03-06T11:59:26 IST">
  <testcase classname="Org.CreateOrgTest" name="createOrgWithDateTest" time="0.0">
    <ignored/>
  </testcase> <!-- createOrgWithDateTest -->
  <testcase classname="Org.CreateOrgTest" name="createOrgTest" time="0.0">
    <ignored/>
  </testcase> <!-- createOrgTest -->
</testsuite>
